0 info it worked if it ends with ok
1 verbose cli [ '/Users/qihongye/.nvm/versions/node/v6.10.3/bin/node',
1 verbose cli   '/Users/qihongye/.nvm/versions/node/v6.10.3/bin/npm',
1 verbose cli   'run',
1 verbose cli   'start-server' ]
2 info using npm@3.10.10
3 info using node@v6.10.3
4 verbose run-script [ 'prestart-server', 'start-server', 'poststart-server' ]
5 info lifecycle web-inspector@1.0.0~prestart-server: web-inspector@1.0.0
6 silly lifecycle web-inspector@1.0.0~prestart-server: no script for prestart-server, continuing
7 info lifecycle web-inspector@1.0.0~start-server: web-inspector@1.0.0
8 verbose lifecycle web-inspector@1.0.0~start-server: unsafe-perm in lifecycle true
9 verbose lifecycle web-inspector@1.0.0~start-server: PATH: /Users/qihongye/.nvm/versions/node/v6.10.3/lib/node_modules/npm/bin/node-gyp-bin:/Users/qihongye/Workspace/WebInspector/node_modules/.bin:/Users/qihongye/.rvm/gems/ruby-2.4.1/bin:/Users/qihongye/.rvm/gems/ruby-2.4.1@global/bin:/Users/qihongye/.rvm/rubies/ruby-2.4.1/bin:/Users/qihongye/.nvm/versions/node/v6.10.3/bin:/usr/local/bin:/usr/bin:/bin:/usr/sbin:/sbin:/Users/qihongye/.rvm/bin:/Users/qihongye/GithubWorkspace/depot_tools:/Users/qihongye/GithubWorkspace/BinaryCookieReader
10 verbose lifecycle web-inspector@1.0.0~start-server: CWD: /Users/qihongye/Workspace/WebInspector
11 silly lifecycle web-inspector@1.0.0~start-server: Args: [ '-c', 'nodmon ./dist/proxy.js' ]
12 info lifecycle web-inspector@1.0.0~start-server: Failed to exec start-server script
13 verbose stack Error: web-inspector@1.0.0 start-server: `nodmon ./dist/proxy.js`
13 verbose stack spawn ENOENT
13 verbose stack     at ChildProcess.<anonymous> (/Users/qihongye/.nvm/versions/node/v6.10.3/lib/node_modules/npm/lib/utils/spawn.js:33:16)
13 verbose stack     at emitTwo (events.js:106:13)
13 verbose stack     at ChildProcess.emit (events.js:191:7)
13 verbose stack     at maybeClose (internal/child_process.js:886:16)
13 verbose stack     at Process.ChildProcess._handle.onexit (internal/child_process.js:226:5)
14 verbose pkgid web-inspector@1.0.0
15 verbose cwd /Users/qihongye/Workspace/WebInspector
16 error Darwin 17.3.0
17 error argv "/Users/qihongye/.nvm/versions/node/v6.10.3/bin/node" "/Users/qihongye/.nvm/versions/node/v6.10.3/bin/npm" "run" "start-server"
18 error node v6.10.3
19 error npm  v3.10.10
20 error file sh
21 error code ELIFECYCLE
22 error errno ENOENT
23 error syscall spawn
24 error web-inspector@1.0.0 start-server: `nodmon ./dist/proxy.js`
24 error spawn ENOENT
25 error Failed at the web-inspector@1.0.0 start-server script 'nodmon ./dist/proxy.js'.
25 error Make sure you have the latest version of node.js and npm installed.
25 error If you do, this is most likely a problem with the web-inspector package,
25 error not with npm itself.
25 error Tell the author that this fails on your system:
25 error     nodmon ./dist/proxy.js
25 error You can get information on how to open an issue for this project with:
25 error     npm bugs web-inspector
25 error Or if that isn't available, you can get their info via:
25 error     npm owner ls web-inspector
25 error There is likely additional logging output above.
26 verbose exit [ 1, true ]
